[!] Service apache2 is DOWN at Sun Aug  3 09:31:20 AM MDT 2025
[!] Service mysql is DOWN at Sun Aug  3 09:31:20 AM MDT 2025
[!] Service ssh is DOWN at Sun Aug  3 09:31:20 AM MDT 2025
[!] Service apache2 is DOWN at Sun Aug  3 09:31:50 AM MDT 2025
[!] Service mysql is DOWN at Sun Aug  3 09:31:50 AM MDT 2025
[!] Service ssh is DOWN at Sun Aug  3 09:31:50 AM MDT 2025
[!] Service apache2 is DOWN at Sun Aug  3 09:32:20 AM MDT 2025
[!] Service mysql is DOWN at Sun Aug  3 09:32:20 AM MDT 2025
[!] Service ssh is DOWN at Sun Aug  3 09:32:20 AM MDT 2025
[!] Service apache2 is DOWN at Sun Aug  3 09:32:50 AM MDT 2025
[!] Service mysql is DOWN at Sun Aug  3 09:32:50 AM MDT 2025
[!] Service ssh is DOWN at Sun Aug  3 09:32:50 AM MDT 2025
[!] Service apache2 is DOWN at Sun Aug  3 09:33:20 AM MDT 2025
[!] Service mysql is DOWN at Sun Aug  3 09:33:20 AM MDT 2025
[!] Service ssh is DOWN at Sun Aug  3 09:33:20 AM MDT 2025
[!] Service apache2 is DOWN at Sun Aug  3 09:33:50 AM MDT 2025
[!] Service mysql is DOWN at Sun Aug  3 09:33:50 AM MDT 2025
[!] Service ssh is DOWN at Sun Aug  3 09:33:50 AM MDT 2025
[!] Service apache2 is DOWN at Sun Aug  3 09:34:20 AM MDT 2025
[!] Service mysql is DOWN at Sun Aug  3 09:34:20 AM MDT 2025
[!] Service ssh is DOWN at Sun Aug  3 09:34:20 AM MDT 2025
[!] Service apache2 is DOWN at Sun Aug  3 09:34:50 AM MDT 2025
[!] Service mysql is DOWN at Sun Aug  3 09:34:50 AM MDT 2025
[!] Service ssh is DOWN at Sun Aug  3 09:34:50 AM MDT 2025
[!] Service apache2 is DOWN at Sun Aug  3 09:35:20 AM MDT 2025
[!] Service mysql is DOWN at Sun Aug  3 09:35:20 AM MDT 2025
[!] Service ssh is DOWN at Sun Aug  3 09:35:20 AM MDT 2025
[!] Service apache2 is DOWN at Sun Aug  3 09:35:50 AM MDT 2025
[!] Service mysql is DOWN at Sun Aug  3 09:35:50 AM MDT 2025
[!] Service ssh is DOWN at Sun Aug  3 09:35:50 AM MDT 2025
[!] Service apache2 is DOWN at Sun Aug  3 09:36:20 AM MDT 2025
[!] Service mysql is DOWN at Sun Aug  3 09:36:20 AM MDT 2025
[!] Service ssh is DOWN at Sun Aug  3 09:36:20 AM MDT 2025
[!] Service apache2 is DOWN at Sun Aug  3 09:36:50 AM MDT 2025
[!] Service mysql is DOWN at Sun Aug  3 09:36:50 AM MDT 2025
[!] Service ssh is DOWN at Sun Aug  3 09:36:50 AM MDT 2025
[!] Service apache2 is DOWN at Sun Aug  3 09:37:20 AM MDT 2025
[!] Service mysql is DOWN at Sun Aug  3 09:37:20 AM MDT 2025
[!] Service ssh is DOWN at Sun Aug  3 09:37:20 AM MDT 2025
[!] Service apache2 is DOWN at Sun Aug  3 09:37:50 AM MDT 2025
[!] Service mysql is DOWN at Sun Aug  3 09:37:50 AM MDT 2025
[!] Service ssh is DOWN at Sun Aug  3 09:37:50 AM MDT 2025
[!] Service apache2 is DOWN at Sun Aug  3 09:38:20 AM MDT 2025
[!] Service mysql is DOWN at Sun Aug  3 09:38:20 AM MDT 2025
[!] Service ssh is DOWN at Sun Aug  3 09:38:20 AM MDT 2025
[!] Service apache2 is DOWN at Sun Aug  3 09:38:50 AM MDT 2025
[!] Service mysql is DOWN at Sun Aug  3 09:38:50 AM MDT 2025
[!] Service ssh is DOWN at Sun Aug  3 09:38:50 AM MDT 2025
[!] Service apache2 is DOWN at Sun Aug  3 09:39:20 AM MDT 2025
[!] Service mysql is DOWN at Sun Aug  3 09:39:20 AM MDT 2025
[!] Service ssh is DOWN at Sun Aug  3 09:39:20 AM MDT 2025
[!] Service apache2 is DOWN at Sun Aug  3 09:39:50 AM MDT 2025
[!] Service mysql is DOWN at Sun Aug  3 09:39:50 AM MDT 2025
[!] Service ssh is DOWN at Sun Aug  3 09:39:50 AM MDT 2025
[!] Service apache2 is DOWN at Sun Aug  3 09:40:20 AM MDT 2025
[!] Service mysql is DOWN at Sun Aug  3 09:40:20 AM MDT 2025
[!] Service ssh is DOWN at Sun Aug  3 09:40:20 AM MDT 2025
[!] Service apache2 is DOWN at Sun Aug  3 09:40:50 AM MDT 2025
[!] Service mysql is DOWN at Sun Aug  3 09:40:50 AM MDT 2025
[!] Service ssh is DOWN at Sun Aug  3 09:40:50 AM MDT 2025
[!] Service apache2 is DOWN at Sun Aug  3 09:41:20 AM MDT 2025
[!] Service mysql is DOWN at Sun Aug  3 09:41:20 AM MDT 2025
[!] Service ssh is DOWN at Sun Aug  3 09:41:20 AM MDT 2025
[!] Service apache2 is DOWN at Sun Aug  3 09:41:50 AM MDT 2025
[!] Service mysql is DOWN at Sun Aug  3 09:41:50 AM MDT 2025
[!] Service ssh is DOWN at Sun Aug  3 09:41:50 AM MDT 2025
[!] Service apache2 is DOWN at Sun Aug  3 09:42:20 AM MDT 2025
[!] Service mysql is DOWN at Sun Aug  3 09:42:20 AM MDT 2025
[!] Service ssh is DOWN at Sun Aug  3 09:42:20 AM MDT 2025
[!] Service apache2 is DOWN at Sun Aug  3 09:42:50 AM MDT 2025
[!] Service mysql is DOWN at Sun Aug  3 09:42:50 AM MDT 2025
[!] Service ssh is DOWN at Sun Aug  3 09:42:51 AM MDT 2025
[!] Service apache2 is DOWN at Sat Aug  9 12:38:29 PM MDT 2025
[!] Service mysql is DOWN at Sat Aug  9 12:38:29 PM MDT 2025
[!] Service ssh is DOWN at Sat Aug  9 12:38:29 PM MDT 2025
[!] Service apache2 is DOWN at Sat Aug  9 12:38:59 PM MDT 2025
[!] Service mysql is DOWN at Sat Aug  9 12:38:59 PM MDT 2025
[!] Service ssh is DOWN at Sat Aug  9 12:38:59 PM MDT 2025
[!] Service apache2 is DOWN at Sat Aug  9 12:39:29 PM MDT 2025
[!] Service mysql is DOWN at Sat Aug  9 12:39:29 PM MDT 2025
[!] Service ssh is DOWN at Sat Aug  9 12:39:29 PM MDT 2025
[!] Service mysql is DOWN at Sat Aug  9 12:39:59 PM MDT 2025
[!] Service mysql is DOWN at Sat Aug  9 12:40:29 PM MDT 2025
[!] Service mysql is DOWN at Sat Aug  9 12:40:59 PM MDT 2025
[!] Service mysql is DOWN at Sat Aug  9 12:41:29 PM MDT 2025
[!] Service mysql is DOWN at Sat Aug  9 12:41:59 PM MDT 2025
[!] Service mysql is DOWN at Sat Aug  9 12:42:29 PM MDT 2025
[!] Service mysql is DOWN at Sat Aug  9 12:42:59 PM MDT 2025
[!] Service mysql is DOWN at Sat Aug  9 12:43:29 PM MDT 2025
[!] Service mysql is DOWN at Sat Aug  9 12:43:59 PM MDT 2025
[!] Service mysql is DOWN at Sat Aug  9 12:44:29 PM MDT 2025
[!] Service mysql is DOWN at Sat Aug  9 12:44:59 PM MDT 2025
[!] Service mysql is DOWN at Sat Aug  9 12:45:29 PM MDT 2025
[!] Service mysql is DOWN at Sat Aug  9 12:45:59 PM MDT 2025
[!] Service mysql is DOWN at Sat Aug  9 12:46:29 PM MDT 2025
[!] Service mysql is DOWN at Sat Aug  9 12:46:59 PM MDT 2025
[+] apache2 is UP at Sat Aug  9 12:47:14 PM MDT 2025
[+] ssh is UP at Sat Aug  9 12:47:14 PM MDT 2025
[+] apache2 is UP at Sat Aug  9 12:47:48 PM MDT 2025
[+] ssh is UP at Sat Aug  9 12:47:48 PM MDT 2025
[+] mariadb is UP at Sat Aug  9 12:47:48 PM MDT 2025
[+] apache2 is UP at Sat Aug  9 12:48:59 PM MDT 2025
[+] ssh is UP at Sat Aug  9 12:48:59 PM MDT 2025
[+] mariadb is UP at Sat Aug  9 12:48:59 PM MDT 2025
[+] apache2 is UP at Sat Aug  9 12:51:32 PM MDT 2025
[+] ssh is UP at Sat Aug  9 12:51:32 PM MDT 2025
[+] mariadb is UP at Sat Aug  9 12:51:32 PM MDT 2025
[+] apache2 is UP at Sat Aug  9 12:51:45 PM MDT 2025
[+] ssh is UP at Sat Aug  9 12:51:45 PM MDT 2025
[+] mariadb is UP at Sat Aug  9 12:51:45 PM MDT 2025
[+] apache2 is UP at Wed Sep 17 11:11:53 AM MDT 2025
[+] ssh is UP at Wed Sep 17 11:11:53 AM MDT 2025
[+] mariadb is UP at Wed Sep 17 11:11:53 AM MDT 2025
[+] apache2 is UP at Wed Sep 17 11:31:00 AM MDT 2025
[+] ssh is UP at Wed Sep 17 11:31:00 AM MDT 2025
[+] mariadb is UP at Wed Sep 17 11:31:00 AM MDT 2025
